\BOOKMARK [0][-]{section*.1}{Approval}{}% 1
\BOOKMARK [0][-]{section*.3}{Abstract}{}% 2
\BOOKMARK [0][-]{section*.5}{Table of Contents}{}% 3
\BOOKMARK [0][-]{chapter.1}{Introduction}{}% 4
\BOOKMARK [0][-]{chapter.2}{Background}{}% 5
\BOOKMARK [1][-]{section.2.1}{Belief change}{chapter.2}% 6
\BOOKMARK [2][-]{subsection.2.1.1}{Epistemic states}{section.2.1}% 7
\BOOKMARK [2][-]{subsection.2.1.2}{Epistemic attitudes}{section.2.1}% 8
\BOOKMARK [2][-]{subsection.2.1.3}{Basic types of change}{section.2.1}% 9
\BOOKMARK [1][-]{section.2.2}{Description logic}{chapter.2}% 10
\BOOKMARK [2][-]{subsection.2.2.1}{ABox}{section.2.2}% 11
\BOOKMARK [2][-]{subsection.2.2.2}{TBox}{section.2.2}% 12
\BOOKMARK [2][-]{subsection.2.2.3}{EL language}{section.2.2}% 13
\BOOKMARK [0][-]{chapter.3}{Kernel contraction}{}% 14
\BOOKMARK [1][-]{section.3.1}{What are kernels?}{chapter.3}% 15
\BOOKMARK [1][-]{section.3.2}{Computing kernels}{chapter.3}% 16
\BOOKMARK [1][-]{section.3.3}{Previous work}{chapter.3}% 17
\BOOKMARK [1][-]{section.3.4}{Minimal change}{chapter.3}% 18
\BOOKMARK [2][-]{subsection.3.4.1}{Hitting set approach}{section.3.4}% 19
\BOOKMARK [2][-]{subsection.3.4.2}{Graph approach}{section.3.4}% 20
\BOOKMARK [2][-]{subsection.3.4.3}{How to generate kernels?}{section.3.4}% 21
\BOOKMARK [2][-]{subsection.3.4.4}{What incision function to use?}{section.3.4}% 22
\BOOKMARK [0][-]{chapter.4}{Heuristics for contraction}{}% 23
\BOOKMARK [1][-]{section.4.1}{Greedy Contraction}{chapter.4}% 24
\BOOKMARK [1][-]{section.4.2}{Localization}{chapter.4}% 25
\BOOKMARK [1][-]{section.4.3}{Specificity}{chapter.4}% 26
\BOOKMARK [0][-]{chapter.5}{Conclusion}{}% 27
\BOOKMARK [0][-]{section*.21}{Bibliography}{}% 28
